0 info it worked if it ends with ok
1 verbose cli [ '/usr/local/bin/node', '/usr/local/bin/npm', 'run', 'build' ]
2 info using npm@3.8.6
3 info using node@v6.0.0
4 verbose run-script [ 'prebuild', 'build', 'postbuild' ]
5 info lifecycle https-check@1.0.0~prebuild: https-check@1.0.0
6 silly lifecycle https-check@1.0.0~prebuild: no script for prebuild, continuing
7 info lifecycle https-check@1.0.0~build: https-check@1.0.0
8 verbose lifecycle https-check@1.0.0~build: unsafe-perm in lifecycle true
9 verbose lifecycle https-check@1.0.0~build: PATH: /usr/local/lib/node_modules/npm/bin/node-gyp-bin:/Users/petersorensen/htdocs/wordpress-plugin-sandbox/wordpress/wp-content/plugins/https-check/node_modules/.bin:/usr/local/bin:/Users/petersorensen/.composer/vendor/bin:/usr/local/bin:/usr/bin:/bin:/usr/sbin:/sbin
10 verbose lifecycle https-check@1.0.0~build: CWD: /Users/petersorensen/htdocs/wordpress-plugin-sandbox/wordpress/wp-content/plugins/https-check
11 silly lifecycle https-check@1.0.0~build: Args: [ '-c', 'webpack' ]
12 silly lifecycle https-check@1.0.0~build: Returned: code: 2  signal: null
13 info lifecycle https-check@1.0.0~build: Failed to exec build script
14 verbose stack Error: https-check@1.0.0 build: `webpack`
14 verbose stack Exit status 2
14 verbose stack     at EventEmitter.<anonymous> (/usr/local/lib/node_modules/npm/lib/utils/lifecycle.js:239:16)
14 verbose stack     at emitTwo (events.js:106:13)
14 verbose stack     at EventEmitter.emit (events.js:191:7)
14 verbose stack     at ChildProcess.<anonymous> (/usr/local/lib/node_modules/npm/lib/utils/spawn.js:24:14)
14 verbose stack     at emitTwo (events.js:106:13)
14 verbose stack     at ChildProcess.emit (events.js:191:7)
14 verbose stack     at maybeClose (internal/child_process.js:850:16)
14 verbose stack     at Process.ChildProcess._handle.onexit (internal/child_process.js:215:5)
15 verbose pkgid https-check@1.0.0
16 verbose cwd /Users/petersorensen/htdocs/wordpress-plugin-sandbox/wordpress/wp-content/plugins/https-check/src
17 error Darwin 17.4.0
18 error argv "/usr/local/bin/node" "/usr/local/bin/npm" "run" "build"
19 error node v6.0.0
20 error npm  v3.8.6
21 error code ELIFECYCLE
22 error https-check@1.0.0 build: `webpack`
22 error Exit status 2
23 error Failed at the https-check@1.0.0 build script 'webpack'.
23 error Make sure you have the latest version of node.js and npm installed.
23 error If you do, this is most likely a problem with the https-check package,
23 error not with npm itself.
23 error Tell the author that this fails on your system:
23 error     webpack
23 error You can get information on how to open an issue for this project with:
23 error     npm bugs https-check
23 error Or if that isn't available, you can get their info via:
23 error     npm owner ls https-check
23 error There is likely additional logging output above.
24 verbose exit [ 1, true ]
